new client connected...
Connection closed.
new client connected...
Connection closed.
new client connected...
Connection closed.
new client connected...
Connection closed.
new client connected...
Connection closed.
new client connected...
Connection closed.
new client connected...
Connection closed.
new client connected...
Connection closed.
new client connected...
Connection closed.
new client connected...
Connection closed.
new client connected...
Connection closed.
new client connected...
Connection closed.
new client connected...
Connection closed.
new client connected...
Connection closed.
new client connected...
Connection closed.
new client connected...
Connection closed.
new client connected...
Connection closed.
new client connected...
Connection closed.
new client connected...
Connection closed.
new client connected...
Connection closed.
new client connected...
Connection closed.
new client connected...
Connection closed.
new client connected...
Connection closed.
new client connected...
Connection closed.
new client connected...
Connection closed.
new client connected...
Connection closed.
new client connected...
Connection closed.
new client connected...
Connection closed.
new client connected...
Connection closed.
new client connected...
Connection closed.
new client connected...
Connection closed.
new client connected...
Connection closed.
new client connected...
Connection closed.
new client connected...
Connection closed.
new client connected...
Connection closed.
new client connected...
Connection closed.
new client connected...
Connection closed.
new client connected...
Connection closed.
new client connected...
Connection closed.
new client connected...
Connection closed.
new client connected...
Connection closed.
new client connected...
Connection closed.
new client connected...
Connection closed.
new client connected...
new client connected...
Connection closed.
new client connected...
Connection closed.
new client connected...
Connection closed.
new client connected...
Connection closed.
new client connected...
Connection closed.
new client connected...
Connection closed.
new client connected...
Connection closed.
new client connected...
Connection closed.
new client connected...
Connection closed.
new client connected...
Connection closed.
new client connected...
Connection closed.
new client connected...
Connection closed.
new client connected...
Connection closed.
new client connected...
Connection closed.
new client connected...
Connection closed.
new client connected...
Connection closed.
new client connected...
Connection closed.
new client connected...
Connection closed.
new client connected...
Connection closed.
new client connected...
Connection closed.
new client connected...
Connection closed.
new client connected...
Connection closed.
new client connected...
Connection closed.
new client connected...
Connection closed.
new client connected...
Connection closed.
new client connected...
Connection closed.
new client connected...
Connection closed.
new client connected...
Connection closed.
new client connected...
Connection closed.
new client connected...
Connection closed.
new client connected...
Connection closed.
new client connected...
Connection closed.
new client connected...
Connection closed.
new client connected...
Connection closed.
new client connected...
Connection closed.
new client connected...
Connection closed.
new client connected...
Connection closed.
new client connected...
Connection closed.
new client connected...
Connection closed.
new client connected...
Connection closed.
new client connected...
Connection closed.
new client connected...
Connection closed.
new client connected...
Connection closed.
new client connected...
Connection closed.
new client connected...
Connection closed.
new client connected...
Connection closed.
new client connected...
Connection closed.
new client connected...
Connection closed.
new client connected...
Connection closed.
new client connected...
Connection closed.
new client connected...
Connection closed.
new client connected...
Connection closed.
new client connected...
Connection closed.
new client connected...
Connection closed.
new client connected...
Connection closed.
new client connected...
Connection closed.
new client connected...
Connection closed.
new client connected...
events.js:154
      throw er; // Unhandled 'error' event
      ^

Error: Connection lost: The server closed the connection.
    at Protocol.end (/Applications/XAMPP/xamppfiles/htdocs/wallet/streaming/node_modules/mysql/lib/protocol/Protocol.js:109:13)
    at Socket.<anonymous> (/Applications/XAMPP/xamppfiles/htdocs/wallet/streaming/node_modules/mysql/lib/Connection.js:104:28)
    at emitNone (events.js:85:20)
    at Socket.emit (events.js:179:7)
    at endReadableNT (_stream_readable.js:906:12)
    at nextTickCallbackWith2Args (node.js:475:9)
    at process._tickCallback (node.js:389:17)
new client connected...
Connection closed.
new client connected...
Connection closed.
new client connected...
Connection closed.
new client connected...
Connection closed.
new client connected...
Connection closed.
new client connected...
Connection closed.
new client connected...
Connection closed.
new client connected...
Connection closed.
new client connected...
Connection closed.
new client connected...
Connection closed.
new client connected...
Connection closed.
new client connected...
Connection closed.
new client connected...
Connection closed.
new client connected...
Connection closed.
new client connected...
Connection closed.
new client connected...
Connection closed.
new client connected...
Connection closed.
new client connected...
events.js:154
      throw er; // Unhandled 'error' event
      ^

Error: listen EADDRINUSE 0.0.0.0:8181
    at Object.exports._errnoException (util.js:856:11)
    at exports._exceptionWithHostPort (util.js:879:20)
    at Server._listen2 (net.js:1227:14)
    at listen (net.js:1263:10)
    at net.js:1372:9
    at nextTickCallbackWith3Args (node.js:486:9)
    at process._tickCallback (node.js:392:17)
    at Function.Module.runMain (module.js:449:11)
    at startup (node.js:140:18)
    at node.js:1001:3
Connection closed.
new client connected...
Connection closed.
new client connected...
new client connected...
Connection closed.
new client connected...
Connection closed.
new client connected...
Connection closed.
new client connected...
Connection closed.
new client connected...
Connection closed.
new client connected...
Connection closed.
new client connected...
Connection closed.
new client connected...
Connection closed.
new client connected...
Connection closed.
new client connected...
Connection closed.
new client connected...
Connection closed.
new client connected...
Connection closed.
new client connected...
new client connected...
Connection closed.
new client connected...
Connection closed.
new client connected...
Connection closed.
new client connected...
Connection closed.
new client connected...
Connection closed.
new client connected...
Connection closed.
new client connected...
Connection closed.
new client connected...
Connection closed.
new client connected...
Connection closed.
new client connected...
Connection closed.
new client connected...
Connection closed.
new client connected...
Connection closed.
new client connected...
Connection closed.
new client connected...
Connection closed.
new client connected...
Connection closed.
new client connected...
Connection closed.
new client connected...
Connection closed.
new client connected...
Connection closed.
new client connected...
Connection closed.
new client connected...
Connection closed.
new client connected...
Connection closed.
new client connected...
Connection closed.
new client connected...
Connection closed.
new client connected...
Connection closed.
new client connected...
Connection closed.
new client connected...
Connection closed.
new client connected...
Connection closed.
new client connected...
Connection closed.
new client connected...
Connection closed.
new client connected...
Connection closed.
new client connected...
Connection closed.
new client connected...
Connection closed.
new client connected...
Connection closed.
new client connected...
Connection closed.
new client connected...
Connection closed.
new client connected...
Connection closed.
new client connected...
Connection closed.
new client connected...
Connection closed.
new client connected...
Connection closed.
new client connected...
Connection closed.
new client connected...
Connection closed.
events.js:154
      throw er; // Unhandled 'error' event
      ^

Error: Connection lost: The server closed the connection.
    at Protocol.end (/Applications/XAMPP/xamppfiles/htdocs/wallet/streaming/node_modules/mysql/lib/protocol/Protocol.js:109:13)
    at Socket.<anonymous> (/Applications/XAMPP/xamppfiles/htdocs/wallet/streaming/node_modules/mysql/lib/Connection.js:104:28)
    at emitNone (events.js:85:20)
    at Socket.emit (events.js:179:7)
    at endReadableNT (_stream_readable.js:906:12)
    at nextTickCallbackWith2Args (node.js:475:9)
    at process._tickCallback (node.js:389:17)
new client connected...
Connection closed.
new client connected...
Connection closed.
new client connected...
Connection closed.
new client connected...
Connection closed.
new client connected...
events.js:154
      throw er; // Unhandled 'error' event
      ^

Error: Connection lost: The server closed the connection.
    at Protocol.end (/Applications/XAMPP/xamppfiles/htdocs/wallet/streaming/node_modules/mysql/lib/protocol/Protocol.js:109:13)
    at Socket.<anonymous> (/Applications/XAMPP/xamppfiles/htdocs/wallet/streaming/node_modules/mysql/lib/Connection.js:104:28)
    at emitNone (events.js:85:20)
    at Socket.emit (events.js:179:7)
    at endReadableNT (_stream_readable.js:906:12)
    at nextTickCallbackWith2Args (node.js:475:9)
    at process._tickCallback (node.js:389:17)
